<?xml version="1.0" encoding="UTF-8"?>
<testsuite xmlns:xsi="http://www.w3.org/2001/XMLSchema-instance" xsi:noNamespaceSchemaLocation="https://maven.apache.org/surefire/maven-surefire-plugin/xsd/surefire-test-report-3.0.xsd" version="3.0" name="com.exercicis.TestExercici0200" time="1.175" tests="47" errors="0" skipped="0" failures="0">
  <properties>
    <property name="java.specification.version" value="23"/>
    <property name="sun.cpu.isalist" value="amd64"/>
    <property name="sun.jnu.encoding" value="Cp1252"/>
    <property name="java.class.path" value="C:\Users\baler\Desktop\DEBERES_JAVA\ValeriaSantana_DEURES\Deures02\target\test-classes;C:\Users\baler\Desktop\DEBERES_JAVA\ValeriaSantana_DEURES\Deures02\target\classes;C:\Users\baler\.m2\repository\org\openjfx\javafx-controls\20\javafx-controls-20.jar;C:\Users\baler\.m2\repository\org\openjfx\javafx-controls\20\javafx-controls-20-win.jar;C:\Users\baler\.m2\repository\org\openjfx\javafx-fxml\20\javafx-fxml-20.jar;C:\Users\baler\.m2\repository\org\openjfx\javafx-fxml\20\javafx-fxml-20-win.jar;C:\Users\baler\.m2\repository\org\openjfx\javafx-base\20\javafx-base-20.jar;C:\Users\baler\.m2\repository\org\openjfx\javafx-base\20\javafx-base-20-win.jar;C:\Users\baler\.m2\repository\org\openjfx\javafx-graphics\20\javafx-graphics-20.jar;C:\Users\baler\.m2\repository\org\openjfx\javafx-graphics\20\javafx-graphics-20-win.jar;C:\Users\baler\.m2\repository\org\java-websocket\Java-WebSocket\1.5.3\Java-WebSocket-1.5.3.jar;C:\Users\baler\.m2\repository\org\json\json\20240303\json-20240303.jar;C:\Users\baler\.m2\repository\org\xerial\sqlite-jdbc\3.47.0.0\sqlite-jdbc-3.47.0.0.jar;C:\Users\baler\.m2\repository\org\slf4j\slf4j-api\2.0.3\slf4j-api-2.0.3.jar;C:\Users\baler\.m2\repository\org\slf4j\slf4j-simple\2.0.3\slf4j-simple-2.0.3.jar;C:\Users\baler\.m2\repository\org\jline\jline\3.21.0\jline-3.21.0.jar;C:\Users\baler\.m2\repository\org\junit\jupiter\junit-jupiter-api\5.10.2\junit-jupiter-api-5.10.2.jar;C:\Users\baler\.m2\repository\org\opentest4j\opentest4j\1.3.0\opentest4j-1.3.0.jar;C:\Users\baler\.m2\repository\org\junit\platform\junit-platform-commons\1.10.2\junit-platform-commons-1.10.2.jar;C:\Users\baler\.m2\repository\org\apiguardian\apiguardian-api\1.1.2\apiguardian-api-1.1.2.jar;C:\Users\baler\.m2\repository\org\junit\jupiter\junit-jupiter-engine\5.10.2\junit-jupiter-engine-5.10.2.jar;C:\Users\baler\.m2\repository\org\junit\platform\junit-platform-engine\1.10.2\junit-platform-engine-1.10.2.jar;C:\Users\baler\.m2\repository\com\github\stefanbirkner\system-lambda\1.2.1\system-lambda-1.2.1.jar;"/>
    <property name="java.vm.vendor" value="Oracle Corporation"/>
    <property name="sun.arch.data.model" value="64"/>
    <property name="user.variant" value=""/>
    <property name="java.vendor.url" value="https://java.oracle.com/"/>
    <property name="user.timezone" value="Europe/Madrid"/>
    <property name="os.name" value="Windows 11"/>
    <property name="java.vm.specification.version" value="23"/>
    <property name="sun.java.launcher" value="SUN_STANDARD"/>
    <property name="user.country" value="ES"/>
    <property name="sun.boot.library.path" value="C:\Program Files\Java\jdk-23\bin"/>
    <property name="sun.java.command" value="C:\Users\baler\AppData\Local\Temp\surefire11553404717988520534\surefirebooter-20250213001618024_3.jar C:\Users\baler\AppData\Local\Temp\surefire11553404717988520534 2025-02-13T00-16-17_606-jvmRun1 surefire-20250213001618024_1tmp surefire_0-20250213001618024_2tmp"/>
    <property name="jdk.debug" value="release"/>
    <property name="test" value="com.exercicis.TestExercici0200"/>
    <property name="surefire.test.class.path" value="C:\Users\baler\Desktop\DEBERES_JAVA\ValeriaSantana_DEURES\Deures02\target\test-classes;C:\Users\baler\Desktop\DEBERES_JAVA\ValeriaSantana_DEURES\Deures02\target\classes;C:\Users\baler\.m2\repository\org\openjfx\javafx-controls\20\javafx-controls-20.jar;C:\Users\baler\.m2\repository\org\openjfx\javafx-controls\20\javafx-controls-20-win.jar;C:\Users\baler\.m2\repository\org\openjfx\javafx-fxml\20\javafx-fxml-20.jar;C:\Users\baler\.m2\repository\org\openjfx\javafx-fxml\20\javafx-fxml-20-win.jar;C:\Users\baler\.m2\repository\org\openjfx\javafx-base\20\javafx-base-20.jar;C:\Users\baler\.m2\repository\org\openjfx\javafx-base\20\javafx-base-20-win.jar;C:\Users\baler\.m2\repository\org\openjfx\javafx-graphics\20\javafx-graphics-20.jar;C:\Users\baler\.m2\repository\org\openjfx\javafx-graphics\20\javafx-graphics-20-win.jar;C:\Users\baler\.m2\repository\org\java-websocket\Java-WebSocket\1.5.3\Java-WebSocket-1.5.3.jar;C:\Users\baler\.m2\repository\org\json\json\20240303\json-20240303.jar;C:\Users\baler\.m2\repository\org\xerial\sqlite-jdbc\3.47.0.0\sqlite-jdbc-3.47.0.0.jar;C:\Users\baler\.m2\repository\org\slf4j\slf4j-api\2.0.3\slf4j-api-2.0.3.jar;C:\Users\baler\.m2\repository\org\slf4j\slf4j-simple\2.0.3\slf4j-simple-2.0.3.jar;C:\Users\baler\.m2\repository\org\jline\jline\3.21.0\jline-3.21.0.jar;C:\Users\baler\.m2\repository\org\junit\jupiter\junit-jupiter-api\5.10.2\junit-jupiter-api-5.10.2.jar;C:\Users\baler\.m2\repository\org\opentest4j\opentest4j\1.3.0\opentest4j-1.3.0.jar;C:\Users\baler\.m2\repository\org\junit\platform\junit-platform-commons\1.10.2\junit-platform-commons-1.10.2.jar;C:\Users\baler\.m2\repository\org\apiguardian\apiguardian-api\1.1.2\apiguardian-api-1.1.2.jar;C:\Users\baler\.m2\repository\org\junit\jupiter\junit-jupiter-engine\5.10.2\junit-jupiter-engine-5.10.2.jar;C:\Users\baler\.m2\repository\org\junit\platform\junit-platform-engine\1.10.2\junit-platform-engine-1.10.2.jar;C:\Users\baler\.m2\repository\com\github\stefanbirkner\system-lambda\1.2.1\system-lambda-1.2.1.jar;"/>
    <property name="sun.cpu.endian" value="little"/>
    <property name="user.home" value="C:\Users\baler"/>
    <property name="user.language" value="es"/>
    <property name="java.specification.vendor" value="Oracle Corporation"/>
    <property name="java.version.date" value="2024-10-15"/>
    <property name="java.home" value="C:\Program Files\Java\jdk-23"/>
    <property name="file.separator" value="\"/>
    <property name="basedir" value="C:\Users\baler\Desktop\DEBERES_JAVA\ValeriaSantana_DEURES\Deures02"/>
    <property name="java.vm.compressedOopsMode" value="32-bit"/>
    <property name="line.separator" value="&#10;"/>
    <property name="java.vm.specification.vendor" value="Oracle Corporation"/>
    <property name="java.specification.name" value="Java Platform API Specification"/>
    <property name="surefire.real.class.path" value="C:\Users\baler\AppData\Local\Temp\surefire11553404717988520534\surefirebooter-20250213001618024_3.jar"/>
    <property name="user.script" value=""/>
    <property name="sun.management.compiler" value="HotSpot 64-Bit Tiered Compilers"/>
    <property name="java.runtime.version" value="23.0.1+11-39"/>
    <property name="user.name" value="baler"/>
    <property name="stdout.encoding" value="Cp1252"/>
    <property name="path.separator" value=";"/>
    <property name="os.version" value="10.0"/>
    <property name="java.runtime.name" value="Java(TM) SE Runtime Environment"/>
    <property name="file.encoding" value="UTF-8"/>
    <property name="java.vm.name" value="Java HotSpot(TM) 64-Bit Server VM"/>
    <property name="localRepository" value="C:\Users\baler\.m2\repository"/>
    <property name="java.vendor.url.bug" value="https://bugreport.java.com/bugreport/"/>
    <property name="java.io.tmpdir" value="C:\Users\baler\AppData\Local\Temp\"/>
    <property name="java.version" value="23.0.1"/>
    <property name="user.dir" value="C:\Users\baler\Desktop\DEBERES_JAVA\ValeriaSantana_DEURES\Deures02"/>
    <property name="os.arch" value="amd64"/>
    <property name="java.vm.specification.name" value="Java Virtual Machine Specification"/>
    <property name="sun.os.patch.level" value=""/>
    <property name="native.encoding" value="Cp1252"/>
    <property name="java.library.path" value="C:\Program Files\Java\jdk-23\bin;C:\WINDOWS\Sun\Java\bin;C:\WINDOWS\system32;C:\WINDOWS;C:\Program Files\Google\Chrome\Application;C:\Program Files\Common Files\Oracle\Java\javapath;C:\Program Files (x86)\Intel\Intel(R) Management Engine Components\iCLS\;C:\Program Files\Intel\Intel(R) Management Engine Components\iCLS\;C:\WINDOWS\system32;C:\WINDOWS;C:\WINDOWS\System32\Wbem;C:\WINDOWS\System32\WindowsPowerShell\v1.0\;C:\WINDOWS\System32\OpenSSH\;C:\Program Files (x86)\Intel\Intel(R) Management Engine Components\DAL;C:\Program Files\Intel\Intel(R) Management Engine Components\DAL;C:\Program Files (x86)\Intel\Intel(R) Management Engine Components\IPT;C:\Program Files\Intel\Intel(R) Management Engine Components\IPT;C:\Program Files\Intel\WiFi\bin\;C:\Program Files\Common Files\Intel\WirelessCommon\;C:\Program Files\Git\cmd;C:\Program Files\Maven\apache-maven-3.9.9\bin;C:\Users\baler\AppData\Local\Programs\Python\Launcher\;C:\Users\baler\AppData\Local\Microsoft\WindowsApps;C:\Users\baler\AppData\Local\Programs\Microsoft VS Code\bin;C:\WINDOWS\System32\OpenSSH;C:\Program Files\Maven\apache-maven-3.9.6\bin;C:\Users\baler\AppData\Local\GitHubDesktop\bin;c:\Users\baler\AppData\Roaming\Code\User\globalStorage\github.copilot-chat\debugCommand;."/>
    <property name="java.vm.info" value="mixed mode, sharing"/>
    <property name="stderr.encoding" value="Cp1252"/>
    <property name="java.vendor" value="Oracle Corporation"/>
    <property name="java.vm.version" value="23.0.1+11-39"/>
    <property name="sun.io.unicode.encoding" value="UnicodeLittle"/>
    <property name="java.class.version" value="67.0"/>
  </properties>
  <testcase name="testSumaSenseSumarZero(TestInfo)" classname="com.exercicis.TestExercici0200" time="0.134">
    <system-out><![CDATA[Test failed: testSumaSenseSumarZero(TestInfo)
expected: <-5> but was: <5>
]]></system-out>
  </testcase>
  <testcase name="testPrintMatrixColumn(TestInfo)" classname="com.exercicis.TestExercici0200" time="0.024">
    <system-out><![CDATA[Test failed: testPrintMatrixColumn(TestInfo)
expected: <1
2
3> but was: <1 
2 
3>
]]></system-out>
  </testcase>
  <testcase name="testMinMaxAddBasic(TestInfo)" classname="com.exercicis.TestExercici0200" time="0.017">
    <system-out><![CDATA[Test passed, succeeded!
]]></system-out>
  </testcase>
  <testcase name="testSumaSenseSumarLargeNumbers(TestInfo)" classname="com.exercicis.TestExercici0200" time="0.01">
    <system-out><![CDATA[Test passed, succeeded!
]]></system-out>
  </testcase>
  <testcase name="testDrawPascalFive(TestInfo)" classname="com.exercicis.TestExercici0200" time="0.013">
    <system-out><![CDATA[Test failed: testDrawPascalFive(TestInfo)
expected: <1
1 1
1 2 1
1 3 3 1
1 4 6 4 1> but was: <1 
1 1 
1 2 1 
1 3 3 1 
1 4 6 4 1>
]]></system-out>
  </testcase>
  <testcase name="testDrawPascalZero(TestInfo)" classname="com.exercicis.TestExercici0200" time="0.003">
    <system-out><![CDATA[Test passed, succeeded!
]]></system-out>
  </testcase>
  <testcase name="testSumaSenseSumarPositiveNumbers(TestInfo)" classname="com.exercicis.TestExercici0200" time="0.029">
    <system-out><![CDATA[Test passed, succeeded!
]]></system-out>
  </testcase>
  <testcase name="testTransposeColumnMatrix(TestInfo)" classname="com.exercicis.TestExercici0200" time="0.012">
    <system-out><![CDATA[Test passed, succeeded!
]]></system-out>
  </testcase>
  <testcase name="testPrintMatrixSquare(TestInfo)" classname="com.exercicis.TestExercici0200" time="0.011">
    <system-out><![CDATA[Test failed: testPrintMatrixSquare(TestInfo)
expected: <1, 2
3, 4> but was: <1 2 
3 4>
]]></system-out>
  </testcase>
  <testcase name="testPrintMatrixRectangular(TestInfo)" classname="com.exercicis.TestExercici0200" time="0.003">
    <system-out><![CDATA[Test failed: testPrintMatrixRectangular(TestInfo)
expected: <1, 2, 3
4, 5, 6
7, 8, 9> but was: <1 2 3 
4 5 6 
7 8 9>
]]></system-out>
  </testcase>
  <testcase name="testMinDistancesNoTargetFound(TestInfo)" classname="com.exercicis.TestExercici0200" time="0.011">
    <system-out><![CDATA[Test failed: testMinDistancesNoTargetFound(TestInfo)
expected: <[9, 9, 9, 9, 9, 9, 9, 9, 9]> but was: <[9, 10, 11, 12, 13, 13, 12, 11, 10]>
]]></system-out>
  </testcase>
  <testcase name="testSumaSenseSumarNegativeNumbers(TestInfo)" classname="com.exercicis.TestExercici0200" time="0.002">
    <system-out><![CDATA[Test passed, succeeded!
]]></system-out>
  </testcase>
  <testcase name="testAddImaginariesWithZeroImaginaryPart(TestInfo)" classname="com.exercicis.TestExercici0200" time="0.048">
    <system-out><![CDATA[Test passed, succeeded!
]]></system-out>
  </testcase>
  <testcase name="testAddImaginariesLargeNumbers(TestInfo)" classname="com.exercicis.TestExercici0200" time="0.009">
    <system-out><![CDATA[Test passed, succeeded!
]]></system-out>
  </testcase>
  <testcase name="testAddListMultipleElements(TestInfo)" classname="com.exercicis.TestExercici0200" time="0.005">
    <system-out><![CDATA[Test passed, succeeded!
]]></system-out>
  </testcase>
  <testcase name="testFirstNonRepeatedLongString(TestInfo)" classname="com.exercicis.TestExercici0200" time="0.003">
    <system-out><![CDATA[Test passed, succeeded!
]]></system-out>
  </testcase>
  <testcase name="testInverIntWithZeros(TestInfo)" classname="com.exercicis.TestExercici0200" time="0.01">
    <system-out><![CDATA[Test passed, succeeded!
]]></system-out>
  </testcase>
  <testcase name="testMinMaxAddWithNegatives(TestInfo)" classname="com.exercicis.TestExercici0200" time="0.002">
    <system-out><![CDATA[Test failed: testMinMaxAddWithNegatives(TestInfo)
expected: <[-10, -6]> but was: <[-14, -10]>
]]></system-out>
  </testcase>
  <testcase name="testAddListNegativeNumbers(TestInfo)" classname="com.exercicis.TestExercici0200" time="0.004"/>
  <testcase name="testMinDistancesBasic(TestInfo)" classname="com.exercicis.TestExercici0200" time="0.002">
    <system-out><![CDATA[Test passed, succeeded!
]]></system-out>
  </testcase>
  <testcase name="testAddListDecimals(TestInfo)" classname="com.exercicis.TestExercici0200" time="0.016">
    <system-out><![CDATA[Test passed, succeeded!
]]></system-out>
  </testcase>
  <testcase name="testAddImaginariesZero(TestInfo)" classname="com.exercicis.TestExercici0200" time="0.018">
    <system-out><![CDATA[Test passed, succeeded!
]]></system-out>
  </testcase>
  <testcase name="testTransposeSingleElement(TestInfo)" classname="com.exercicis.TestExercici0200" time="0.015">
    <system-out><![CDATA[Test passed, succeeded!
]]></system-out>
  </testcase>
  <testcase name="testMinDistancesMultipleTargets(TestInfo)" classname="com.exercicis.TestExercici0200" time="0.008">
    <system-out><![CDATA[Test passed, succeeded!
]]></system-out>
  </testcase>
  <testcase name="testAddListEmpty(TestInfo)" classname="com.exercicis.TestExercici0200" time="0.004">
    <system-out><![CDATA[Test passed, succeeded!
]]></system-out>
  </testcase>
  <testcase name="testInverIntSingleDigit(TestInfo)" classname="com.exercicis.TestExercici0200" time="0.03">
    <system-out><![CDATA[Test passed, succeeded!
]]></system-out>
  </testcase>
  <testcase name="testAddImaginariesSimple(TestInfo)" classname="com.exercicis.TestExercici0200" time="0.002">
    <system-out><![CDATA[Test passed, succeeded!
]]></system-out>
  </testcase>
  <testcase name="testFirstNonRepeatedBasic(TestInfo)" classname="com.exercicis.TestExercici0200" time="0.039">
    <system-out><![CDATA[Test passed, succeeded!
]]></system-out>
  </testcase>
  <testcase name="testAddListSingleElement(TestInfo)" classname="com.exercicis.TestExercici0200" time="0.004">
    <system-out><![CDATA[Test passed, succeeded!
]]></system-out>
  </testcase>
  <testcase name="testAddImaginariesNegative(TestInfo)" classname="com.exercicis.TestExercici0200" time="0.017">
    <system-out><![CDATA[Test encountered an error: testAddImaginariesNegative(TestInfo)
]]></system-out>
    <system-err><![CDATA[java.lang.NumberFormatException: For input string: "4-3i"
	at java.base/java.lang.NumberFormatException.forInputString(NumberFormatException.java:67)
	at java.base/java.lang.Integer.parseInt(Integer.java:588)
	at java.base/java.lang.Integer.parseInt(Integer.java:685)
	at com.exercicis.Exercici0200.addImaginaries(Exercici0200.java:84)
	at com.exercicis.TestExercici0200.testAddImaginariesNegative(TestExercici0200.java:51)
	at java.base/jdk.internal.reflect.DirectMethodHandleAccessor.invoke(DirectMethodHandleAccessor.java:103)
	at java.base/java.lang.reflect.Method.invoke(Method.java:580)
	at org.junit.platform.commons.util.ReflectionUtils.invokeMethod(ReflectionUtils.java:728)
	at org.junit.jupiter.engine.execution.MethodInvocation.proceed(MethodInvocation.java:60)
	at org.junit.jupiter.engine.execution.InvocationInterceptorChain$ValidatingInvocation.proceed(InvocationInterceptorChain.java:131)
	at org.junit.jupiter.engine.extension.TimeoutExtension.intercept(TimeoutExtension.java:156)
	at org.junit.jupiter.engine.extension.TimeoutExtension.interceptTestableMethod(TimeoutExtension.java:147)
	at org.junit.jupiter.engine.extension.TimeoutExtension.interceptTestMethod(TimeoutExtension.java:86)
	at org.junit.jupiter.engine.execution.InterceptingExecutableInvoker$ReflectiveInterceptorCall.lambda$ofVoidMethod$0(InterceptingExecutableInvoker.java:103)
	at org.junit.jupiter.engine.execution.InterceptingExecutableInvoker.lambda$invoke$0(InterceptingExecutableInvoker.java:93)
	at org.junit.jupiter.engine.execution.InvocationInterceptorChain$InterceptedInvocation.proceed(InvocationInterceptorChain.java:106)
	at org.junit.jupiter.engine.execution.InvocationInterceptorChain.proceed(InvocationInterceptorChain.java:64)
	at org.junit.jupiter.engine.execution.InvocationInterceptorChain.chainAndInvoke(InvocationInterceptorChain.java:45)
	at org.junit.jupiter.engine.execution.InvocationInterceptorChain.invoke(InvocationInterceptorChain.java:37)
	at org.junit.jupiter.engine.execution.InterceptingExecutableInvoker.invoke(InterceptingExecutableInvoker.java:92)
	at org.junit.jupiter.engine.execution.InterceptingExecutableInvoker.invoke(InterceptingExecutableInvoker.java:86)
	at org.junit.jupiter.engine.descriptor.TestMethodTestDescriptor.lambda$invokeTestMethod$7(TestMethodTestDescriptor.java:218)
	at org.junit.platform.engine.support.hierarchical.ThrowableCollector.execute(ThrowableCollector.java:73)
	at org.junit.jupiter.engine.descriptor.TestMethodTestDescriptor.invokeTestMethod(TestMethodTestDescriptor.java:214)
	at org.junit.jupiter.engine.descriptor.TestMethodTestDescriptor.execute(TestMethodTestDescriptor.java:139)
	at org.junit.jupiter.engine.descriptor.TestMethodTestDescriptor.execute(TestMethodTestDescriptor.java:69)
	at org.junit.platform.engine.support.hierarchical.NodeTestTask.lambda$executeRecursively$6(NodeTestTask.java:151)
	at org.junit.platform.engine.support.hierarchical.ThrowableCollector.execute(ThrowableCollector.java:73)
	at org.junit.platform.engine.support.hierarchical.NodeTestTask.lambda$executeRecursively$8(NodeTestTask.java:141)
	at org.junit.platform.engine.support.hierarchical.Node.around(Node.java:137)
	at org.junit.platform.engine.support.hierarchical.NodeTestTask.lambda$executeRecursively$9(NodeTestTask.java:139)
	at org.junit.platform.engine.support.hierarchical.ThrowableCollector.execute(ThrowableCollector.java:73)
	at org.junit.platform.engine.support.hierarchical.NodeTestTask.executeRecursively(NodeTestTask.java:138)
	at org.junit.platform.engine.support.hierarchical.NodeTestTask.execute(NodeTestTask.java:95)
	at java.base/java.util.ArrayList.forEach(ArrayList.java:1597)
	at org.junit.platform.engine.support.hierarchical.SameThreadHierarchicalTestExecutorService.invokeAll(SameThreadHierarchicalTestExecutorService.java:41)
	at org.junit.platform.engine.support.hierarchical.NodeTestTask.lambda$executeRecursively$6(NodeTestTask.java:155)
	at org.junit.platform.engine.support.hierarchical.ThrowableCollector.execute(ThrowableCollector.java:73)
	at org.junit.platform.engine.support.hierarchical.NodeTestTask.lambda$executeRecursively$8(NodeTestTask.java:141)
	at org.junit.platform.engine.support.hierarchical.Node.around(Node.java:137)
	at org.junit.platform.engine.support.hierarchical.NodeTestTask.lambda$executeRecursively$9(NodeTestTask.java:139)
	at org.junit.platform.engine.support.hierarchical.ThrowableCollector.execute(ThrowableCollector.java:73)
	at org.junit.platform.engine.support.hierarchical.NodeTestTask.executeRecursively(NodeTestTask.java:138)
	at org.junit.platform.engine.support.hierarchical.NodeTestTask.execute(NodeTestTask.java:95)
	at java.base/java.util.ArrayList.forEach(ArrayList.java:1597)
	at org.junit.platform.engine.support.hierarchical.SameThreadHierarchicalTestExecutorService.invokeAll(SameThreadHierarchicalTestExecutorService.java:41)
	at org.junit.platform.engine.support.hierarchical.NodeTestTask.lambda$executeRecursively$6(NodeTestTask.java:155)
	at org.junit.platform.engine.support.hierarchical.ThrowableCollector.execute(ThrowableCollector.java:73)
	at org.junit.platform.engine.support.hierarchical.NodeTestTask.lambda$executeRecursively$8(NodeTestTask.java:141)
	at org.junit.platform.engine.support.hierarchical.Node.around(Node.java:137)
	at org.junit.platform.engine.support.hierarchical.NodeTestTask.lambda$executeRecursively$9(NodeTestTask.java:139)
	at org.junit.platform.engine.support.hierarchical.ThrowableCollector.execute(ThrowableCollector.java:73)
	at org.junit.platform.engine.support.hierarchical.NodeTestTask.executeRecursively(NodeTestTask.java:138)
	at org.junit.platform.engine.support.hierarchical.NodeTestTask.execute(NodeTestTask.java:95)
	at org.junit.platform.engine.support.hierarchical.SameThreadHierarchicalTestExecutorService.submit(SameThreadHierarchicalTestExecutorService.java:35)
	at org.junit.platform.engine.support.hierarchical.HierarchicalTestExecutor.execute(HierarchicalTestExecutor.java:57)
	at org.junit.platform.engine.support.hierarchical.HierarchicalTestEngine.execute(HierarchicalTestEngine.java:54)
	at org.junit.platform.launcher.core.EngineExecutionOrchestrator.execute(EngineExecutionOrchestrator.java:198)
	at org.junit.platform.launcher.core.EngineExecutionOrchestrator.execute(EngineExecutionOrchestrator.java:169)
	at org.junit.platform.launcher.core.EngineExecutionOrchestrator.execute(EngineExecutionOrchestrator.java:93)
	at org.junit.platform.launcher.core.EngineExecutionOrchestrator.lambda$execute$0(EngineExecutionOrchestrator.java:58)
	at org.junit.platform.launcher.core.EngineExecutionOrchestrator.withInterceptedStreams(EngineExecutionOrchestrator.java:141)
	at org.junit.platform.launcher.core.EngineExecutionOrchestrator.execute(EngineExecutionOrchestrator.java:57)
	at org.junit.platform.launcher.core.DefaultLauncher.execute(DefaultLauncher.java:103)
	at org.junit.platform.launcher.core.DefaultLauncher.execute(DefaultLauncher.java:85)
	at org.junit.platform.launcher.core.DelegatingLauncher.execute(DelegatingLauncher.java:47)
	at org.apache.maven.surefire.junitplatform.LazyLauncher.execute(LazyLauncher.java:56)
	at org.apache.maven.surefire.junitplatform.JUnitPlatformProvider.execute(JUnitPlatformProvider.java:184)
	at org.apache.maven.surefire.junitplatform.JUnitPlatformProvider.invokeAllTests(JUnitPlatformProvider.java:148)
	at org.apache.maven.surefire.junitplatform.JUnitPlatformProvider.invoke(JUnitPlatformProvider.java:122)
	at org.apache.maven.surefire.booter.ForkedBooter.runSuitesInProcess(ForkedBooter.java:385)
	at org.apache.maven.surefire.booter.ForkedBooter.execute(ForkedBooter.java:162)
	at org.apache.maven.surefire.booter.ForkedBooter.run(ForkedBooter.java:507)
	at org.apache.maven.surefire.booter.ForkedBooter.main(ForkedBooter.java:495)
]]></system-err>
  </testcase>
  <testcase name="testFirstNonRepeatedAllRepeated(TestInfo)" classname="com.exercicis.TestExercici0200" time="0.002">
    <system-out><![CDATA[Test passed, succeeded!
]]></system-out>
  </testcase>
  <testcase name="testFindUniqueNumberBasic(TestInfo)" classname="com.exercicis.TestExercici0200" time="0.004">
    <system-out><![CDATA[Test passed, succeeded!
]]></system-out>
  </testcase>
  <testcase name="testAddListMixedNumbers(TestInfo)" classname="com.exercicis.TestExercici0200" time="0.002">
    <system-out><![CDATA[Test passed, succeeded!
]]></system-out>
  </testcase>
  <testcase name="testTransposeRectangularMatrix(TestInfo)" classname="com.exercicis.TestExercici0200" time="0.002">
    <system-out><![CDATA[Test passed, succeeded!
]]></system-out>
  </testcase>
  <testcase name="testDrawPascalOne(TestInfo)" classname="com.exercicis.TestExercici0200" time="0.002">
    <system-out><![CDATA[Test passed, succeeded!
]]></system-out>
  </testcase>
  <testcase name="testDrawPascalTwo(TestInfo)" classname="com.exercicis.TestExercici0200" time="0.015">
    <system-out><![CDATA[Test failed: testDrawPascalTwo(TestInfo)
expected: <1
1 1> but was: <1 
1 1>
]]></system-out>
  </testcase>
  <testcase name="testPrintMatrixSingleElement(TestInfo)" classname="com.exercicis.TestExercici0200" time="0.105">
    <system-out><![CDATA[Test passed, succeeded!
]]></system-out>
  </testcase>
  <testcase name="testSumaSenseSumarPositiveAndNegative(TestInfo)" classname="com.exercicis.TestExercici0200" time="0.002">
    <system-out><![CDATA[Test passed, succeeded!
]]></system-out>
  </testcase>
  <testcase name="testDrawPascalThree(TestInfo)" classname="com.exercicis.TestExercici0200" time="0.004">
    <system-out><![CDATA[Test failed: testDrawPascalThree(TestInfo)
expected: <1
1 1
1 2 1> but was: <1 
1 1 
1 2 1>
]]></system-out>
  </testcase>
  <testcase name="testFindUniqueNumberMultiplePairs(TestInfo)" classname="com.exercicis.TestExercici0200" time="0.002"/>
  <testcase name="testFindUniqueNumberNoUnique(TestInfo)" classname="com.exercicis.TestExercici0200" time="0.119">
    <system-out><![CDATA[Test passed, succeeded!
]]></system-out>
  </testcase>
  <testcase name="testPrintMatrixRow(TestInfo)" classname="com.exercicis.TestExercici0200" time="0.015">
    <system-out><![CDATA[Test failed: testPrintMatrixRow(TestInfo)
expected: <1, 2, 3> but was: <1 2 3>
]]></system-out>
  </testcase>
  <testcase name="testMinMaxAddWithDuplicates(TestInfo)" classname="com.exercicis.TestExercici0200" time="0.005">
    <system-out><![CDATA[Test passed, succeeded!
]]></system-out>
  </testcase>
  <testcase name="testInverIntPositive(TestInfo)" classname="com.exercicis.TestExercici0200" time="0.01">
    <system-out><![CDATA[Test passed, succeeded!
]]></system-out>
  </testcase>
  <testcase name="testPrintMatrixEmpty(TestInfo)" classname="com.exercicis.TestExercici0200" time="0.005">
    <system-out><![CDATA[Test passed, succeeded!
]]></system-out>
  </testcase>
  <testcase name="testAddImaginariesWithZeroRealPart(TestInfo)" classname="com.exercicis.TestExercici0200" time="0.022">
    <system-out><![CDATA[Test passed, succeeded!
]]></system-out>
  </testcase>
  <testcase name="testTransposeSquareMatrix(TestInfo)" classname="com.exercicis.TestExercici0200" time="0.005">
    <system-out><![CDATA[Test passed, succeeded!
]]></system-out>
  </testcase>
</testsuite>