<?xml version="1.0" encoding="UTF-8"?>
<testsuite xmlns:xsi="http://www.w3.org/2001/XMLSchema-instance" xsi:noNamespaceSchemaLocation="https://maven.apache.org/surefire/maven-surefire-plugin/xsd/surefire-test-report-3.0.xsd" version="3.0" name="com.exercicis.TestExercici0006" time="0.094" tests="2" errors="0" skipped="0" failures="0">
  <properties>
    <property name="java.specification.version" value="23"/>
    <property name="sun.cpu.isalist" value="amd64"/>
    <property name="sun.jnu.encoding" value="Cp1252"/>
    <property name="java.class.path" value="C:\Users\baler\Documents\GitHub\ValeriaSantana_DEURES\Deures\Deures00\target\test-classes;C:\Users\baler\Documents\GitHub\ValeriaSantana_DEURES\Deures\Deures00\target\classes;C:\Users\baler\.m2\repository\org\openjfx\javafx-controls\20\javafx-controls-20.jar;C:\Users\baler\.m2\repository\org\openjfx\javafx-controls\20\javafx-controls-20-win.jar;C:\Users\baler\.m2\repository\org\openjfx\javafx-fxml\20\javafx-fxml-20.jar;C:\Users\baler\.m2\repository\org\openjfx\javafx-fxml\20\javafx-fxml-20-win.jar;C:\Users\baler\.m2\repository\org\openjfx\javafx-base\20\javafx-base-20.jar;C:\Users\baler\.m2\repository\org\openjfx\javafx-base\20\javafx-base-20-win.jar;C:\Users\baler\.m2\repository\org\openjfx\javafx-graphics\20\javafx-graphics-20.jar;C:\Users\baler\.m2\repository\org\openjfx\javafx-graphics\20\javafx-graphics-20-win.jar;C:\Users\baler\.m2\repository\org\java-websocket\Java-WebSocket\1.5.3\Java-WebSocket-1.5.3.jar;C:\Users\baler\.m2\repository\org\json\json\20240303\json-20240303.jar;C:\Users\baler\.m2\repository\org\xerial\sqlite-jdbc\3.47.0.0\sqlite-jdbc-3.47.0.0.jar;C:\Users\baler\.m2\repository\org\slf4j\slf4j-api\2.0.3\slf4j-api-2.0.3.jar;C:\Users\baler\.m2\repository\org\slf4j\slf4j-simple\2.0.3\slf4j-simple-2.0.3.jar;C:\Users\baler\.m2\repository\org\jline\jline\3.21.0\jline-3.21.0.jar;C:\Users\baler\.m2\repository\org\junit\jupiter\junit-jupiter-api\5.10.2\junit-jupiter-api-5.10.2.jar;C:\Users\baler\.m2\repository\org\opentest4j\opentest4j\1.3.0\opentest4j-1.3.0.jar;C:\Users\baler\.m2\repository\org\junit\platform\junit-platform-commons\1.10.2\junit-platform-commons-1.10.2.jar;C:\Users\baler\.m2\repository\org\apiguardian\apiguardian-api\1.1.2\apiguardian-api-1.1.2.jar;C:\Users\baler\.m2\repository\org\junit\jupiter\junit-jupiter-engine\5.10.2\junit-jupiter-engine-5.10.2.jar;C:\Users\baler\.m2\repository\org\junit\platform\junit-platform-engine\1.10.2\junit-platform-engine-1.10.2.jar;C:\Users\baler\.m2\repository\com\github\stefanbirkner\system-lambda\1.2.1\system-lambda-1.2.1.jar;"/>
    <property name="java.vm.vendor" value="Oracle Corporation"/>
    <property name="sun.arch.data.model" value="64"/>
    <property name="user.variant" value=""/>
    <property name="java.vendor.url" value="https://java.oracle.com/"/>
    <property name="user.timezone" value="Europe/Madrid"/>
    <property name="os.name" value="Windows 11"/>
    <property name="java.vm.specification.version" value="23"/>
    <property name="sun.java.launcher" value="SUN_STANDARD"/>
    <property name="user.country" value="ES"/>
    <property name="sun.boot.library.path" value="C:\Program Files\Java\jdk-23\bin"/>
    <property name="sun.java.command" value="C:\Users\baler\AppData\Local\Temp\surefire3483399440673849595\surefirebooter-20241220233630331_3.jar C:\Users\baler\AppData\Local\Temp\surefire3483399440673849595 2024-12-20T23-36-30_106-jvmRun1 surefire-20241220233630331_1tmp surefire_0-20241220233630331_2tmp"/>
    <property name="jdk.debug" value="release"/>
    <property name="test" value="com.exercicis.TestExercici0006"/>
    <property name="surefire.test.class.path" value="C:\Users\baler\Documents\GitHub\ValeriaSantana_DEURES\Deures\Deures00\target\test-classes;C:\Users\baler\Documents\GitHub\ValeriaSantana_DEURES\Deures\Deures00\target\classes;C:\Users\baler\.m2\repository\org\openjfx\javafx-controls\20\javafx-controls-20.jar;C:\Users\baler\.m2\repository\org\openjfx\javafx-controls\20\javafx-controls-20-win.jar;C:\Users\baler\.m2\repository\org\openjfx\javafx-fxml\20\javafx-fxml-20.jar;C:\Users\baler\.m2\repository\org\openjfx\javafx-fxml\20\javafx-fxml-20-win.jar;C:\Users\baler\.m2\repository\org\openjfx\javafx-base\20\javafx-base-20.jar;C:\Users\baler\.m2\repository\org\openjfx\javafx-base\20\javafx-base-20-win.jar;C:\Users\baler\.m2\repository\org\openjfx\javafx-graphics\20\javafx-graphics-20.jar;C:\Users\baler\.m2\repository\org\openjfx\javafx-graphics\20\javafx-graphics-20-win.jar;C:\Users\baler\.m2\repository\org\java-websocket\Java-WebSocket\1.5.3\Java-WebSocket-1.5.3.jar;C:\Users\baler\.m2\repository\org\json\json\20240303\json-20240303.jar;C:\Users\baler\.m2\repository\org\xerial\sqlite-jdbc\3.47.0.0\sqlite-jdbc-3.47.0.0.jar;C:\Users\baler\.m2\repository\org\slf4j\slf4j-api\2.0.3\slf4j-api-2.0.3.jar;C:\Users\baler\.m2\repository\org\slf4j\slf4j-simple\2.0.3\slf4j-simple-2.0.3.jar;C:\Users\baler\.m2\repository\org\jline\jline\3.21.0\jline-3.21.0.jar;C:\Users\baler\.m2\repository\org\junit\jupiter\junit-jupiter-api\5.10.2\junit-jupiter-api-5.10.2.jar;C:\Users\baler\.m2\repository\org\opentest4j\opentest4j\1.3.0\opentest4j-1.3.0.jar;C:\Users\baler\.m2\repository\org\junit\platform\junit-platform-commons\1.10.2\junit-platform-commons-1.10.2.jar;C:\Users\baler\.m2\repository\org\apiguardian\apiguardian-api\1.1.2\apiguardian-api-1.1.2.jar;C:\Users\baler\.m2\repository\org\junit\jupiter\junit-jupiter-engine\5.10.2\junit-jupiter-engine-5.10.2.jar;C:\Users\baler\.m2\repository\org\junit\platform\junit-platform-engine\1.10.2\junit-platform-engine-1.10.2.jar;C:\Users\baler\.m2\repository\com\github\stefanbirkner\system-lambda\1.2.1\system-lambda-1.2.1.jar;"/>
    <property name="sun.cpu.endian" value="little"/>
    <property name="user.home" value="C:\Users\baler"/>
    <property name="user.language" value="es"/>
    <property name="java.specification.vendor" value="Oracle Corporation"/>
    <property name="java.version.date" value="2024-10-15"/>
    <property name="java.home" value="C:\Program Files\Java\jdk-23"/>
    <property name="file.separator" value="\"/>
    <property name="basedir" value="C:\Users\baler\Documents\GitHub\ValeriaSantana_DEURES\Deures\Deures00"/>
    <property name="java.vm.compressedOopsMode" value="32-bit"/>
    <property name="line.separator" value="&#10;"/>
    <property name="java.vm.specification.vendor" value="Oracle Corporation"/>
    <property name="java.specification.name" value="Java Platform API Specification"/>
    <property name="surefire.real.class.path" value="C:\Users\baler\AppData\Local\Temp\surefire3483399440673849595\surefirebooter-20241220233630331_3.jar"/>
    <property name="user.script" value=""/>
    <property name="sun.management.compiler" value="HotSpot 64-Bit Tiered Compilers"/>
    <property name="java.runtime.version" value="23.0.1+11-39"/>
    <property name="user.name" value="baler"/>
    <property name="stdout.encoding" value="Cp1252"/>
    <property name="path.separator" value=";"/>
    <property name="os.version" value="10.0"/>
    <property name="java.runtime.name" value="Java(TM) SE Runtime Environment"/>
    <property name="file.encoding" value="UTF-8"/>
    <property name="java.vm.name" value="Java HotSpot(TM) 64-Bit Server VM"/>
    <property name="localRepository" value="C:\Users\baler\.m2\repository"/>
    <property name="java.vendor.url.bug" value="https://bugreport.java.com/bugreport/"/>
    <property name="java.io.tmpdir" value="C:\Users\baler\AppData\Local\Temp\"/>
    <property name="java.version" value="23.0.1"/>
    <property name="user.dir" value="C:\Users\baler\Documents\GitHub\ValeriaSantana_DEURES\Deures\Deures00"/>
    <property name="os.arch" value="amd64"/>
    <property name="java.vm.specification.name" value="Java Virtual Machine Specification"/>
    <property name="sun.os.patch.level" value=""/>
    <property name="native.encoding" value="Cp1252"/>
    <property name="java.library.path" value="C:\Program Files\Java\jdk-23\bin;C:\WINDOWS\Sun\Java\bin;C:\WINDOWS\system32;C:\WINDOWS;C:\Program Files\Common Files\Oracle\Java\javapath;C:\Program Files (x86)\Intel\Intel(R) Management Engine Components\iCLS\;C:\Program Files\Intel\Intel(R) Management Engine Components\iCLS\;C:\WINDOWS\system32;C:\WINDOWS;C:\WINDOWS\System32\Wbem;C:\WINDOWS\System32\WindowsPowerShell\v1.0\;C:\WINDOWS\System32\OpenSSH\;C:\Program Files (x86)\Intel\Intel(R) Management Engine Components\DAL;C:\Program Files\Intel\Intel(R) Management Engine Components\DAL;C:\Program Files (x86)\Intel\Intel(R) Management Engine Components\IPT;C:\Program Files\Intel\Intel(R) Management Engine Components\IPT;C:\Program Files\Intel\WiFi\bin\;C:\Program Files\Common Files\Intel\WirelessCommon\;C:\Program Files\Git\cmd;C:\Program Files\Maven\apache-maven-3.9.9\bin;C:\Users\baler\AppData\Local\Programs\Python\Launcher\;C:\Users\baler\AppData\Local\Microsoft\WindowsApps;C:\Users\baler\AppData\Local\Programs\Microsoft VS Code\bin;C:\WINDOWS\System32\OpenSSH;C:\Program Files\Maven\apache-maven-3.9.6\bin;C:\Users\baler\AppData\Local\GitHubDesktop\bin;c:\Users\baler\AppData\Roaming\Code\User\globalStorage\github.copilot-chat\debugCommand;."/>
    <property name="java.vm.info" value="mixed mode, sharing"/>
    <property name="stderr.encoding" value="Cp1252"/>
    <property name="java.vendor" value="Oracle Corporation"/>
    <property name="java.vm.version" value="23.0.1+11-39"/>
    <property name="sun.io.unicode.encoding" value="UnicodeLittle"/>
    <property name="java.class.version" value="67.0"/>
  </properties>
  <testcase name="testCalculaEntrada" classname="com.exercicis.TestExercici0006" time="0.037"/>
  <testcase name="testMainFunction" classname="com.exercicis.TestExercici0006" time="0.009"/>
</testsuite>